<?xml version="1.0" encoding="UTF-8"?>
<!-- Generated by org.testng.reporters.JUnitReportReporter -->
<testsuite hostname="SHASHANK" failures="0" tests="1" name="com.jenkinsDummy.loginvtiger.LoginVtigerTest" time="3.150" errors="0" timestamp="2022-09-04T17:27:16 IST" skipped="0">
  <testcase classname="com.jenkinsDummy.loginvtiger.LoginVtigerTest" name="loginvtigerTest" time="3.150"/>
  <system-out/>
</testsuite> <!-- com.jenkinsDummy.loginvtiger.LoginVtigerTest -->
